{"message":"Failed to connected to MongoDBMongooseServerSelectionError: connect ECONNREFUSED 127.0.0.1:27017","level":"error","service":"user-service"}
{"message":"Connected successfully to MongoDB","level":"info","service":"user-service"}
{"message":"Connected successfully to MongoDB","level":"info","service":"user-service"}
{"message":"Connected successfully to MongoDB","level":"info","service":"user-service"}
{"message":"Connected successfully to MongoDB","level":"info","service":"user-service"}
{"message":"Connected successfully to MongoDB","level":"info","service":"user-service"}
{"message":"Connected successfully to MongoDB","level":"info","service":"user-service"}
{"message":"Connected successfully to MongoDB","level":"info","service":"user-service"}
{"message":"Connected successfully to MongoDB","level":"info","service":"user-service"}
{"message":"Connected successfully to MongoDB","level":"info","service":"user-service"}
{"message":"Connected successfully to MongoDB","level":"info","service":"user-service"}
{"message":"Connected successfully to MongoDB","level":"info","service":"user-service"}
{"message":"Connected successfully to MongoDB","level":"info","service":"user-service"}
{"message":"Connected successfully to MongoDB","level":"info","service":"user-service"}
{"message":"Connected successfully to MongoDB","level":"info","service":"user-service"}
{"message":"Connected successfully to MongoDB","level":"info","service":"user-service"}
{"message":"Connected successfully to MongoDB","level":"info","service":"user-service"}
{"message":"Connected successfully to MongoDB","level":"info","service":"user-service"}
{"message":"Connected successfully to MongoDB","level":"info","service":"user-service"}
{"message":"Connected successfully to MongoDB","level":"info","service":"user-service"}
{"message":"Connected successfully to MongoDB","level":"info","service":"user-service"}
{"message":"Connected successfully to MongoDB","level":"info","service":"user-service"}
{"message":"Connected successfully to MongoDB","level":"info","service":"user-service"}
{"message":"Connected successfully to MongoDB","level":"info","service":"user-service"}
{"message":"Connected successfully to MongoDB","level":"info","service":"user-service"}
{"message":"Connected successfully to MongoDB","level":"info","service":"user-service"}
{"expose":true,"statusCode":400,"status":400,"body":"{\n\t\"name\": \"History of Engineering\",\n        \"creditHours\": 1,\n        \"courseType\": \"Humanity\",\n        \"term\": \"Second\",\n\t\n}","type":"entity.parse.failed","level":"error","service":"user-service"}
{"expose":true,"statusCode":400,"status":400,"body":"{\n\t\"name\": \"History of Engineering\",\n    \"creditHours\": 1,\n    \"courseType\": \"Humanity\",\n    \"term\": \"Second\",\n\t\n}","type":"entity.parse.failed","level":"error","service":"user-service"}
{"expose":true,"statusCode":400,"status":400,"body":"{\n\t\"name\": \"History of Engineering\",\n    \"creditHours\": 1,\n    \"courseType\": 2,\n    \"term\": 1,\n\t\n}","type":"entity.parse.failed","level":"error","service":"user-service"}
{"message":"Connected successfully to MongoDB","level":"info","service":"user-service"}
{"expose":true,"statusCode":400,"status":400,"body":"{\n\t\"name\": \"History of Engineering\",\n    \"creditHours\": 1,\n    \"courseType\": 2,\n    \"term\": 1,\n\t\n}","type":"entity.parse.failed","level":"error","service":"user-service"}
{"errors":{"courseType":{"stringValue":"\"Humanity\"","kind":"Number","value":"Humanity","path":"courseType","reason":{"stringValue":"\"Humanity\"","kind":"number","value":"Humanity","path":"courseType","reason":{"generatedMessage":true,"code":"ERR_ASSERTION","actual":false,"expected":true,"operator":"=="},"message":"Cast to number failed for value \"Humanity\" at path \"courseType\"","name":"CastError"},"message":"Cast to Number failed for value \"Humanity\" at path \"courseType\"","name":"CastError"},"term":{"stringValue":"\"Second\"","kind":"Number","value":"Second","path":"term","reason":{"stringValue":"\"Second\"","kind":"number","value":"Second","path":"term","reason":{"generatedMessage":true,"code":"ERR_ASSERTION","actual":false,"expected":true,"operator":"=="},"message":"Cast to number failed for value \"Second\" at path \"term\"","name":"CastError"},"message":"Cast to Number failed for value \"Second\" at path \"term\"","name":"CastError"}},"_message":"Course validation failed","message":"Course validation failed: courseType: Cast to Number failed for value \"Humanity\" at path \"courseType\", term: Cast to Number failed for value \"Second\" at path \"term\"","name":"ValidationError","level":"error","service":"user-service"}
{"message":"Connected successfully to MongoDB","level":"info","service":"user-service"}
{"message":"Connected successfully to MongoDB","level":"info","service":"user-service"}
{"message":"Connected successfully to MongoDB","level":"info","service":"user-service"}
{"errors":{"courseType":{"message":"`Humanit` is not a valid enum value for path `courseType`.","name":"ValidatorError","properties":{"message":"`Humanit` is not a valid enum value for path `courseType`.","type":"enum","enumValues":["Core","Elective","Humanity"],"path":"courseType","value":"Humanit"},"kind":"enum","path":"courseType","value":"Humanit"}},"_message":"Course validation failed","message":"Course validation failed: courseType: `Humanit` is not a valid enum value for path `courseType`.","name":"ValidationError","level":"error","service":"user-service"}
{"message":"Connected successfully to MongoDB","level":"info","service":"user-service"}
{"message":"Connected successfully to MongoDB","level":"info","service":"user-service"}
{"message":"Connected successfully to MongoDB","level":"info","service":"user-service"}
{"level":"error","service":"user-service"}
{"message":"Connected successfully to MongoDB","level":"info","service":"user-service"}
{"message":"Joi.objectId is not a function","level":"error","service":"user-service"}
{"message":"Connected successfully to MongoDB","level":"info","service":"user-service"}
{"message":"Joi.objectId is not a function","level":"error","service":"user-service"}
{"message":"Connected successfully to MongoDB","level":"info","service":"user-service"}
{"message":"Joi.objectId is not a function","level":"error","service":"user-service"}
{"message":"Connected successfully to MongoDB","level":"info","service":"user-service"}
{"message":"Uninitialized link schema","level":"error","service":"user-service"}
{"message":"Connected successfully to MongoDB","level":"info","service":"user-service"}
{"message":"Student validation failed: _userId: Path `_userId` is required.","level":"error","service":"user-service"}
{"message":"Connected successfully to MongoDB","level":"info","service":"user-service"}
{"message":"Connected successfully to MongoDB","level":"info","service":"user-service"}
{"message":"Connected successfully to MongoDB","level":"info","service":"user-service"}
{"message":"Connected successfully to MongoDB","level":"info","service":"user-service"}
{"message":"Assignment to constant variable.","level":"error","service":"user-service"}
{"message":"Connected successfully to MongoDB","level":"info","service":"user-service"}
{"message":"Connected successfully to MongoDB","level":"info","service":"user-service"}
{"message":"Unexpected string in JSON at position 54","level":"error","service":"user-service"}
{"message":"Connected successfully to MongoDB","level":"info","service":"user-service"}
{"message":"Connected successfully to MongoDB","level":"info","service":"user-service"}
{"message":"Connected successfully to MongoDB","level":"info","service":"user-service"}
{"message":"Connected successfully to MongoDB","level":"info","service":"user-service"}
{"message":"Connected successfully to MongoDB","level":"info","service":"user-service"}
{"message":"Connected successfully to MongoDB","level":"info","service":"user-service"}
{"message":"Connected successfully to MongoDB","level":"info","service":"user-service"}
{"message":"Connected successfully to MongoDB","level":"info","service":"user-service"}
{"message":"Connected successfully to MongoDB","level":"info","service":"user-service"}
{"message":"Connected successfully to MongoDB","level":"info","service":"user-service"}
{"message":"Connected successfully to MongoDB","level":"info","service":"user-service"}
{"message":"_ is not defined","level":"error","service":"user-service"}
{"message":"Connected successfully to MongoDB","level":"info","service":"user-service"}
{"message":"Cannot set property '_userId' of undefined","level":"error","service":"user-service"}
{"message":"Connected successfully to MongoDB","level":"info","service":"user-service"}
{"message":"Cannot set property '_userId' of undefined","level":"error","service":"user-service"}
{"message":"Cannot set property '_userId' of undefined","level":"error","service":"user-service"}
{"message":"Connected successfully to MongoDB","level":"info","service":"user-service"}
{"message":"Connected successfully to MongoDB","level":"info","service":"user-service"}
{"message":"Connected successfully to MongoDB","level":"info","service":"user-service"}
{"message":"Cannot set property '_userId' of undefined","level":"error","service":"user-service"}
{"message":"Connected successfully to MongoDB","level":"info","service":"user-service"}
{"message":"Update validation failed: deadline: Path `deadline` is required., body: Path `body` is required., title: Path `title` is required., _courseId: Path `_courseId` is required.","level":"error","service":"user-service"}
{"message":"Connected successfully to MongoDB","level":"info","service":"user-service"}
{"message":"Cannot set property '_userId' of undefined","level":"error","service":"user-service"}
{"message":"Connected successfully to MongoDB","level":"info","service":"user-service"}
{"message":"Update validation failed: deadline: Path `deadline` is required., body: Path `body` is required., title: Path `title` is required., _courseId: Path `_courseId` is required.","level":"error","service":"user-service"}
{"message":"Connected successfully to MongoDB","level":"info","service":"user-service"}
{"message":"Update validation failed: deadline: Path `deadline` is required., body: Path `body` is required., title: Path `title` is required., _courseId: Path `_courseId` is required.","level":"error","service":"user-service"}
{"message":"Connected successfully to MongoDB","level":"info","service":"user-service"}
{"message":"Connected successfully to MongoDB","level":"info","service":"user-service"}
{"message":"Connected successfully to MongoDB","level":"info","service":"user-service"}
{"message":"Connected successfully to MongoDB","level":"info","service":"user-service"}
{"message":"Connected successfully to MongoDB","level":"info","service":"user-service"}
{"message":"userId is not defined","level":"error","service":"user-service"}
{"message":"Connected successfully to MongoDB","level":"info","service":"user-service"}
{"message":"Connected successfully to MongoDB","level":"info","service":"user-service"}
{"message":"Connected successfully to MongoDB","level":"info","service":"user-service"}
{"message":"Connected successfully to MongoDB","level":"info","service":"user-service"}
{"message":"Connected successfully to MongoDB","level":"info","service":"user-service"}
{"message":"Connected successfully to MongoDB","level":"info","service":"user-service"}
{"message":"Connected successfully to MongoDB","level":"info","service":"user-service"}
{"message":"Connected successfully to MongoDB","level":"info","service":"user-service"}
{"message":"Connected successfully to MongoDB","level":"info","service":"user-service"}
{"message":"Connected successfully to MongoDB","level":"info","service":"user-service"}
{"message":"Connected successfully to MongoDB","level":"info","service":"user-service"}
{"message":"Connected successfully to MongoDB","level":"info","service":"user-service"}
{"message":"Connected successfully to MongoDB","level":"info","service":"user-service"}
{"message":"Connected successfully to MongoDB","level":"info","service":"user-service"}
{"message":"Enrollment.validateEnrollment is not a function","level":"error","service":"user-service"}
{"message":"Connected successfully to MongoDB","level":"info","service":"user-service"}
{"message":"Connected successfully to MongoDB","level":"info","service":"user-service"}
{"message":"Connected successfully to MongoDB","level":"info","service":"user-service"}
{"message":"Connected successfully to MongoDB","level":"info","service":"user-service"}
{"message":"Connected successfully to MongoDB","level":"info","service":"user-service"}
{"message":"Connected successfully to MongoDB","level":"info","service":"user-service"}
{"message":"Connected successfully to MongoDB","level":"info","service":"user-service"}
{"message":"Connected successfully to MongoDB","level":"info","service":"user-service"}
{"message":"Connected successfully to MongoDB","level":"info","service":"user-service"}
{"message":"Connected successfully to MongoDB","level":"info","service":"user-service"}
{"message":"Connected successfully to MongoDB","level":"info","service":"user-service"}
{"message":"Cannot read property '_id' of undefined","level":"error","service":"user-service"}
{"message":"Cannot read property '_id' of undefined","level":"error","service":"user-service"}
{"message":"Cannot read property '_id' of undefined","level":"error","service":"user-service"}
{"message":"Connected successfully to MongoDB","level":"info","service":"user-service"}
{"message":"Connected successfully to MongoDB","level":"info","service":"user-service"}
{"message":"Connected successfully to MongoDB","level":"info","service":"user-service"}
{"message":"Connected successfully to MongoDB","level":"info","service":"user-service"}
{"message":"Connected successfully to MongoDB","level":"info","service":"user-service"}
{"message":"Connected successfully to MongoDB","level":"info","service":"user-service"}
{"message":"Connected successfully to MongoDB","level":"info","service":"user-service"}
{"message":"Connected successfully to MongoDB","level":"info","service":"user-service"}
{"message":"Connected successfully to MongoDB","level":"info","service":"user-service"}
{"message":"Connected successfully to MongoDB","level":"info","service":"user-service"}
{"message":"you must pass Joi as an argument","level":"error","service":"user-service"}
{"message":"you must pass Joi as an argument","level":"error","service":"user-service"}
{"message":"Connected successfully to MongoDB","level":"info","service":"user-service"}
{"message":"you must pass Joi as an argument","level":"error","service":"user-service"}
{"message":"Connected successfully to MongoDB","level":"info","service":"user-service"}
{"message":"you must pass Joi as an argument","level":"error","service":"user-service"}
{"message":"you must pass Joi as an argument","level":"error","service":"user-service"}
{"message":"Connected successfully to MongoDB","level":"info","service":"user-service"}
{"message":"Connected successfully to MongoDB","level":"info","service":"user-service"}
{"message":"Connected successfully to MongoDB","level":"info","service":"user-service"}
{"message":"Connected successfully to MongoDB","level":"info","service":"user-service"}
{"message":"Connected successfully to MongoDB","level":"info","service":"user-service"}
{"message":"Connected successfully to MongoDB","level":"info","service":"user-service"}
{"message":"Connected successfully to MongoDB","level":"info","service":"user-service"}
{"message":"Connected successfully to MongoDB","level":"info","service":"user-service"}
{"message":"studentId is not defined","level":"error","service":"user-service"}
{"message":"Connected successfully to MongoDB","level":"info","service":"user-service"}
{"message":"Connected successfully to MongoDB","level":"info","service":"user-service"}
{"message":"you must pass Joi as an argument","level":"error","service":"user-service"}
{"message":"Connected successfully to MongoDB","level":"info","service":"user-service"}
{"message":"you must pass Joi as an argument","level":"error","service":"user-service"}
{"message":"Connected successfully to MongoDB","level":"info","service":"user-service"}
{"message":"Joi.required(...).objectId is not a function","level":"error","service":"user-service"}
{"message":"Connected successfully to MongoDB","level":"info","service":"user-service"}
{"message":"you must pass Joi as an argument","level":"error","service":"user-service"}
{"message":"Connected successfully to MongoDB","level":"info","service":"user-service"}
{"message":"you must pass Joi as an argument","level":"error","service":"user-service"}
{"message":"Connected successfully to MongoDB","level":"info","service":"user-service"}
{"message":"you must pass Joi as an argument","level":"error","service":"user-service"}
{"message":"Connected successfully to MongoDB","level":"info","service":"user-service"}
{"message":"you must pass Joi as an argument","level":"error","service":"user-service"}
{"message":"Connected successfully to MongoDB","level":"info","service":"user-service"}
{"message":"you must pass Joi as an argument","level":"error","service":"user-service"}
{"message":"Connected successfully to MongoDB","level":"info","service":"user-service"}
{"message":"you must pass Joi as an argument","level":"error","service":"user-service"}
{"message":"Connected successfully to MongoDB","level":"info","service":"user-service"}
{"message":"you must pass Joi as an argument","level":"error","service":"user-service"}
{"message":"Connected successfully to MongoDB","level":"info","service":"user-service"}
{"message":"you must pass Joi as an argument","level":"error","service":"user-service"}
{"message":"Connected successfully to MongoDB","level":"info","service":"user-service"}
{"message":"Connected successfully to MongoDB","level":"info","service":"user-service"}
{"message":"Connected successfully to MongoDB","level":"info","service":"user-service"}
{"message":"Connected successfully to MongoDB","level":"info","service":"user-service"}
{"message":"Connected successfully to MongoDB","level":"info","service":"user-service"}
{"message":"Connected successfully to MongoDB","level":"info","service":"user-service"}
{"message":"Connected successfully to MongoDB","level":"info","service":"user-service"}
{"message":"Connected successfully to MongoDB","level":"info","service":"user-service"}
{"message":"Connected successfully to MongoDB","level":"info","service":"user-service"}
{"message":"Connected successfully to MongoDB","level":"info","service":"user-service"}
{"message":"Connected successfully to MongoDB","level":"info","service":"user-service"}
{"message":"Connected successfully to MongoDB","level":"info","service":"user-service"}
{"message":"Connected successfully to MongoDB","level":"info","service":"user-service"}
{"message":"Connected successfully to MongoDB","level":"info","service":"user-service"}
{"message":"Connected successfully to MongoDB","level":"info","service":"user-service"}
{"message":"Connected successfully to MongoDB","level":"info","service":"user-service"}
{"message":"Connected successfully to MongoDB","level":"info","service":"user-service"}
{"message":"Connected successfully to MongoDB","level":"info","service":"user-service"}
{"message":"Connected successfully to MongoDB","level":"info","service":"user-service"}
{"message":"Connected successfully to MongoDB","level":"info","service":"user-service"}
{"message":"Connected successfully to MongoDB","level":"info","service":"user-service"}
{"message":"Connected successfully to MongoDB","level":"info","service":"user-service"}
{"message":"Connected successfully to MongoDB","level":"info","service":"user-service"}
{"message":"Connected successfully to MongoDB","level":"info","service":"user-service"}
{"message":"Connected successfully to MongoDB","level":"info","service":"user-service"}
{"message":"Connected successfully to MongoDB","level":"info","service":"user-service"}
{"message":"Connected successfully to MongoDB","level":"info","service":"user-service"}
{"message":"Connected successfully to MongoDB","level":"info","service":"user-service"}
{"message":"Connected successfully to MongoDB","level":"info","service":"user-service"}
{"message":"Connected successfully to MongoDB","level":"info","service":"user-service"}
{"message":"Connected successfully to MongoDB","level":"info","service":"user-service"}
{"message":"Connected successfully to MongoDB","level":"info","service":"user-service"}
{"message":"Connected successfully to MongoDB","level":"info","service":"user-service"}
{"message":"Connected successfully to MongoDB","level":"info","service":"user-service"}
{"message":"Connected successfully to MongoDB","level":"info","service":"user-service"}
{"message":"Connected successfully to MongoDB","level":"info","service":"user-service"}
{"message":"Connected successfully to MongoDB","level":"info","service":"user-service"}
{"message":"Connected successfully to MongoDB","level":"info","service":"user-service"}
{"message":"Connected successfully to MongoDB","level":"info","service":"user-service"}
{"message":"unsupported charset \"UTF-8\"","level":"error","service":"user-service"}
{"message":"unsupported charset \"UTF-8\"","level":"error","service":"user-service"}
{"message":"Connected successfully to MongoDB","level":"info","service":"user-service"}
{"message":"Connected successfully to MongoDB","level":"info","service":"user-service"}
{"message":"Connected successfully to MongoDB","level":"info","service":"user-service"}
{"message":"Connected successfully to MongoDB","level":"info","service":"user-service"}
{"message":"Connected successfully to MongoDB","level":"info","service":"user-service"}
{"message":"Connected successfully to MongoDB","level":"info","service":"user-service"}
{"message":"Connected successfully to MongoDB","level":"info","service":"user-service"}
{"message":"Connected successfully to MongoDB","level":"info","service":"user-service"}
{"message":"Connected successfully to MongoDB","level":"info","service":"user-service"}
{"message":"Connected successfully to MongoDB","level":"info","service":"user-service"}
{"message":"Connected successfully to MongoDB","level":"info","service":"user-service"}
{"message":"Connected successfully to MongoDB","level":"info","service":"user-service"}
{"message":"Connected successfully to MongoDB","level":"info","service":"user-service"}
{"message":"Connected successfully to MongoDB","level":"info","service":"user-service"}
{"message":"Connected successfully to MongoDB","level":"info","service":"user-service"}
{"message":"Connected successfully to MongoDB","level":"info","service":"user-service"}
{"message":"Connected successfully to MongoDB","level":"info","service":"user-service"}
{"message":"Connected successfully to MongoDB","level":"info","service":"user-service"}
{"message":"Connected successfully to MongoDB","level":"info","service":"user-service"}
{"message":"Connected successfully to MongoDB","level":"info","service":"user-service"}
{"message":"Connected successfully to MongoDB","level":"info","service":"user-service"}
{"message":"Connected successfully to MongoDB","level":"info","service":"user-service"}
{"message":"Connected successfully to MongoDB","level":"info","service":"user-service"}
{"message":"Connected successfully to MongoDB","level":"info","service":"user-service"}
{"message":"Connected successfully to MongoDB","level":"info","service":"user-service"}
{"message":"Connected successfully to MongoDB","level":"info","service":"user-service"}
{"message":"Connected successfully to MongoDB","level":"info","service":"user-service"}
{"message":"Connected successfully to MongoDB","level":"info","service":"user-service"}
{"message":"Connected successfully to MongoDB","level":"info","service":"user-service"}
{"message":"Connected successfully to MongoDB","level":"info","service":"user-service"}
{"message":"Connected successfully to MongoDB","level":"info","service":"user-service"}
{"message":"Connected successfully to MongoDB","level":"info","service":"user-service"}
{"message":"Connected successfully to MongoDB","level":"info","service":"user-service"}
{"message":"Connected successfully to MongoDB","level":"info","service":"user-service"}
{"message":"Connected successfully to MongoDB","level":"info","service":"user-service"}
{"message":"Connected successfully to MongoDB","level":"info","service":"user-service"}
{"message":"Connected successfully to MongoDB","level":"info","service":"user-service"}
{"message":"Connected successfully to MongoDB","level":"info","service":"user-service"}
{"message":"Connected successfully to MongoDB","level":"info","service":"user-service"}
{"message":"Connected successfully to MongoDB","level":"info","service":"user-service"}
{"message":"Connected successfully to MongoDB","level":"info","service":"user-service"}
{"message":"Connected successfully to MongoDB","level":"info","service":"user-service"}
{"message":"Connected successfully to MongoDB","level":"info","service":"user-service"}
{"message":"Connected successfully to MongoDB","level":"info","service":"user-service"}
{"message":"Connected successfully to MongoDB","level":"info","service":"user-service"}
{"message":"Connected successfully to MongoDB","level":"info","service":"user-service"}
{"message":"Connected successfully to MongoDB","level":"info","service":"user-service"}
{"message":"Connected successfully to MongoDB","level":"info","service":"user-service"}
{"message":"Connected successfully to MongoDB","level":"info","service":"user-service"}
{"message":"Connected successfully to MongoDB","level":"info","service":"user-service"}
{"message":"Connected successfully to MongoDB","level":"info","service":"user-service"}
{"message":"Connected successfully to MongoDB","level":"info","service":"user-service"}
{"message":"Connected successfully to MongoDB","level":"info","service":"user-service"}
{"message":"Connected successfully to MongoDB","level":"info","service":"user-service"}
{"message":"Connected successfully to MongoDB","level":"info","service":"user-service"}
{"message":"Connected successfully to MongoDB","level":"info","service":"user-service"}
{"message":"Connected successfully to MongoDB","level":"info","service":"user-service"}
{"message":"Connected successfully to MongoDB","level":"info","service":"user-service"}
{"message":"Connected successfully to MongoDB","level":"info","service":"user-service"}
{"message":"Connected successfully to MongoDB","level":"info","service":"user-service"}
{"message":"Connected successfully to MongoDB","level":"info","service":"user-service"}
{"message":"Connected successfully to MongoDB","level":"info","service":"user-service"}
{"message":"Connected successfully to MongoDB","level":"info","service":"user-service"}
{"message":"Connected successfully to MongoDB","level":"info","service":"user-service"}
{"message":"Connected successfully to MongoDB","level":"info","service":"user-service"}
{"message":"Connected successfully to MongoDB","level":"info","service":"user-service"}
{"message":"Connected successfully to MongoDB","level":"info","service":"user-service"}
{"message":"Connected successfully to MongoDB","level":"info","service":"user-service"}
{"message":"Connected successfully to MongoDB","level":"info","service":"user-service"}
{"message":"Connected successfully to MongoDB","level":"info","service":"user-service"}
{"message":"Connected successfully to MongoDB","level":"info","service":"user-service"}
{"message":"Connected successfully to MongoDB","level":"info","service":"user-service"}
{"message":"Connected successfully to MongoDB","level":"info","service":"user-service"}
{"message":"Connected successfully to MongoDB","level":"info","service":"user-service"}
{"message":"Connected successfully to MongoDB","level":"info","service":"user-service"}
{"message":"Connected successfully to MongoDB","level":"info","service":"user-service"}
{"message":"Connected successfully to MongoDB","level":"info","service":"user-service"}
{"message":"Connected successfully to MongoDB","level":"info","service":"user-service"}
{"message":"Connected successfully to MongoDB","level":"info","service":"user-service"}
{"message":"Connected successfully to MongoDB","level":"info","service":"user-service"}
{"message":"Connected successfully to MongoDB","level":"info","service":"user-service"}
{"message":"Connected successfully to MongoDB","level":"info","service":"user-service"}
{"message":"Connected successfully to MongoDB","level":"info","service":"user-service"}
{"message":"Connected successfully to MongoDB","level":"info","service":"user-service"}
{"message":"Connected successfully to MongoDB","level":"info","service":"user-service"}
{"message":"Connected successfully to MongoDB","level":"info","service":"user-service"}
{"message":"Connected successfully to MongoDB","level":"info","service":"user-service"}
{"message":"Connected successfully to MongoDB","level":"info","service":"user-service"}
{"message":"Connected successfully to MongoDB","level":"info","service":"user-service"}
{"message":"Connected successfully to MongoDB","level":"info","service":"user-service"}
{"message":"Connected successfully to MongoDB","level":"info","service":"user-service"}
{"message":"Connected successfully to MongoDB","level":"info","service":"user-service"}
{"message":"Connected successfully to MongoDB","level":"info","service":"user-service"}
{"message":"Connected successfully to MongoDB","level":"info","service":"user-service"}
{"message":"Connected successfully to MongoDB","level":"info","service":"user-service"}
{"message":"Connected successfully to MongoDB","level":"info","service":"user-service"}
{"message":"Connected successfully to MongoDB","level":"info","service":"user-service"}
{"message":"body is not defined","level":"error","service":"user-service"}
{"message":"Connected successfully to MongoDB","level":"info","service":"user-service"}
{"message":"Connected successfully to MongoDB","level":"info","service":"user-service"}
{"message":"Connected successfully to MongoDB","level":"info","service":"user-service"}
{"message":"Connected successfully to MongoDB","level":"info","service":"user-service"}
{"message":"Connected successfully to MongoDB","level":"info","service":"user-service"}
{"message":"Connected successfully to MongoDB","level":"info","service":"user-service"}
{"message":"Connected successfully to MongoDB","level":"info","service":"user-service"}
{"message":"Connected successfully to MongoDB","level":"info","service":"user-service"}
{"message":"Connected successfully to MongoDB","level":"info","service":"user-service"}
{"message":"Connected successfully to MongoDB","level":"info","service":"user-service"}
{"message":"Connected successfully to MongoDB","level":"info","service":"user-service"}
{"message":"Connected successfully to MongoDB","level":"info","service":"user-service"}
{"message":"Connected successfully to MongoDB","level":"info","service":"user-service"}
{"message":"Connected successfully to MongoDB","level":"info","service":"user-service"}
{"message":"Connected successfully to MongoDB","level":"info","service":"user-service"}
{"message":"Connected successfully to MongoDB","level":"info","service":"user-service"}
{"message":"Connected successfully to MongoDB","level":"info","service":"user-service"}
{"message":"Connected successfully to MongoDB","level":"info","service":"user-service"}
{"message":"Connected successfully to MongoDB","level":"info","service":"user-service"}
{"message":"Connected successfully to MongoDB","level":"info","service":"user-service"}
{"message":"Connected successfully to MongoDB","level":"info","service":"user-service"}
{"message":"Connected successfully to MongoDB","level":"info","service":"user-service"}
{"message":"Connected successfully to MongoDB","level":"info","service":"user-service"}
{"message":"Connected successfully to MongoDB","level":"info","service":"user-service"}
{"message":"Connected successfully to MongoDB","level":"info","service":"user-service"}
{"message":"Connected successfully to MongoDB","level":"info","service":"user-service"}
{"message":"Connected successfully to MongoDB","level":"info","service":"user-service"}
{"message":"Connected successfully to MongoDB","level":"info","service":"user-service"}
{"message":"Connected successfully to MongoDB","level":"info","service":"user-service"}
{"message":"Connected successfully to MongoDB","level":"info","service":"user-service"}
{"message":"Connected successfully to MongoDB","level":"info","service":"user-service"}
{"message":"Connected successfully to MongoDB","level":"info","service":"user-service"}
{"message":"Connected successfully to MongoDB","level":"info","service":"user-service"}
{"message":"Connected successfully to MongoDB","level":"info","service":"user-service"}
{"message":"Connected successfully to MongoDB","level":"info","service":"user-service"}
{"message":"Connected successfully to MongoDB","level":"info","service":"user-service"}
{"message":"Connected successfully to MongoDB","level":"info","service":"user-service"}
{"message":"Connected successfully to MongoDB","level":"info","service":"user-service"}
{"message":"Connected successfully to MongoDB","level":"info","service":"user-service"}
{"message":"Connected successfully to MongoDB","level":"info","service":"user-service"}
{"message":"Connected successfully to MongoDB","level":"info","service":"user-service"}
{"message":"Connected successfully to MongoDB","level":"info","service":"user-service"}
{"message":"Connected successfully to MongoDB","level":"info","service":"user-service"}
{"message":"Connected successfully to MongoDB","level":"info","service":"user-service"}
{"message":"Connected successfully to MongoDB","level":"info","service":"user-service"}
{"message":"Connected successfully to MongoDB","level":"info","service":"user-service"}
{"message":"Connected successfully to MongoDB","level":"info","service":"user-service"}
{"message":"Connected successfully to MongoDB","level":"info","service":"user-service"}
{"message":"Connected successfully to MongoDB","level":"info","service":"user-service"}
{"message":"Connected successfully to MongoDB","level":"info","service":"user-service"}
{"message":"Connected successfully to MongoDB","level":"info","service":"user-service"}
{"message":"unsupported charset \"UTF-8\"","level":"error","service":"user-service"}
{"message":"Connected successfully to MongoDB","level":"info","service":"user-service"}
{"message":"Connected successfully to MongoDB","level":"info","service":"user-service"}
{"message":"unsupported charset \"UTF-8\"","level":"error","service":"user-service"}
{"message":"Connected successfully to MongoDB","level":"info","service":"user-service"}
{"message":"Connected successfully to MongoDB","level":"info","service":"user-service"}
{"message":"Connected successfully to MongoDB","level":"info","service":"user-service"}
{"message":"Connected successfully to MongoDB","level":"info","service":"user-service"}
{"message":"unsupported charset \"UTF-8\"","level":"error","service":"user-service"}
{"message":"Connected successfully to MongoDB","level":"info","service":"user-service"}
{"message":"Connected successfully to MongoDB","level":"info","service":"user-service"}
{"message":"Connected successfully to MongoDB","level":"info","service":"user-service"}
{"message":"Connected successfully to MongoDB","level":"info","service":"user-service"}
{"message":"unsupported charset \"UTF-8\"","level":"error","service":"user-service"}
{"message":"Connected successfully to MongoDB","level":"info","service":"user-service"}
{"message":"Connected successfully to MongoDB","level":"info","service":"user-service"}
{"message":"unsupported charset \"UTF-8\"","level":"error","service":"user-service"}
{"message":"Connected successfully to MongoDB","level":"info","service":"user-service"}
{"message":"unsupported charset \"UTF-8\"","level":"error","service":"user-service"}
{"message":"Connected successfully to MongoDB","level":"info","service":"user-service"}
{"message":"Connected successfully to MongoDB","level":"info","service":"user-service"}
{"message":"Connected successfully to MongoDB","level":"info","service":"user-service"}
{"message":"Connected successfully to MongoDB","level":"info","service":"user-service"}
{"message":"Connected successfully to MongoDB","level":"info","service":"user-service"}
{"message":"Connected successfully to MongoDB","level":"info","service":"user-service"}
{"message":"unsupported charset \"UTF-8\"","level":"error","service":"user-service"}
{"message":"Connected successfully to MongoDB","level":"info","service":"user-service"}
{"message":"Connected successfully to MongoDB","level":"info","service":"user-service"}
{"message":"Connected successfully to MongoDB","level":"info","service":"user-service"}
{"message":"Connected successfully to MongoDB","level":"info","service":"user-service"}
{"message":"Connected successfully to MongoDB","level":"info","service":"user-service"}
{"message":"Connected successfully to MongoDB","level":"info","service":"user-service"}
{"message":"Connected successfully to MongoDB","level":"info","service":"user-service"}
{"message":"Connected successfully to MongoDB","level":"info","service":"user-service"}
{"message":"Connected successfully to MongoDB","level":"info","service":"user-service"}
{"message":"unsupported charset \"UTF-8\"","level":"error","service":"user-service"}
{"message":"Connected successfully to MongoDB","level":"info","service":"user-service"}
{"message":"Connected successfully to MongoDB","level":"info","service":"user-service"}
{"message":"Connected successfully to MongoDB","level":"info","service":"user-service"}
{"message":"Connected successfully to MongoDB","level":"info","service":"user-service"}
{"message":"Connected successfully to MongoDB","level":"info","service":"user-service"}
{"message":"Connected successfully to MongoDB","level":"info","service":"user-service"}
{"message":"Connected successfully to MongoDB","level":"info","service":"user-service"}
{"message":"Connected successfully to MongoDB","level":"info","service":"user-service"}
{"message":"Connected successfully to MongoDB","level":"info","service":"user-service"}
{"message":"Connected successfully to MongoDB","level":"info","service":"user-service"}
{"message":"Connected successfully to MongoDB","level":"info","service":"user-service"}
{"message":"Connected successfully to MongoDB","level":"info","service":"user-service"}
{"message":"Connected successfully to MongoDB","level":"info","service":"user-service"}
{"message":"unsupported charset \"UTF-8\"","level":"error","service":"user-service"}
{"message":"Connected successfully to MongoDB","level":"info","service":"user-service"}
{"message":"Connected successfully to MongoDB","level":"info","service":"user-service"}
{"message":"Connected successfully to MongoDB","level":"info","service":"user-service"}
{"message":"unsupported charset \"UTF-8\"","level":"error","service":"user-service"}
{"message":"Connected successfully to MongoDB","level":"info","service":"user-service"}
{"message":"Connected successfully to MongoDB","level":"info","service":"user-service"}
{"message":"unsupported charset \"UTF-8\"","level":"error","service":"user-service"}
{"message":"Connected successfully to MongoDB","level":"info","service":"user-service"}
{"message":"Connected successfully to MongoDB","level":"info","service":"user-service"}
{"message":"Connected successfully to MongoDB","level":"info","service":"user-service"}
{"message":"Connected successfully to MongoDB","level":"info","service":"user-service"}
{"message":"Connected successfully to MongoDB","level":"info","service":"user-service"}
{"message":"Connected successfully to MongoDB","level":"info","service":"user-service"}
{"message":"Connected successfully to MongoDB","level":"info","service":"user-service"}
{"message":"Connected successfully to MongoDB","level":"info","service":"user-service"}
{"message":"Connected successfully to MongoDB","level":"info","service":"user-service"}
{"message":"Connected successfully to MongoDB","level":"info","service":"user-service"}
{"message":"Connected successfully to MongoDB","level":"info","service":"user-service"}
{"message":"Connected successfully to MongoDB","level":"info","service":"user-service"}
{"message":"Connected successfully to MongoDB","level":"info","service":"user-service"}
{"message":"Connected successfully to MongoDB","level":"info","service":"user-service"}
{"message":"Connected successfully to MongoDB","level":"info","service":"user-service"}
{"message":"Connected successfully to MongoDB","level":"info","service":"user-service"}
{"message":"Connected successfully to MongoDB","level":"info","service":"user-service"}
{"message":"Connected successfully to MongoDB","level":"info","service":"user-service"}
{"message":"Connected successfully to MongoDB","level":"info","service":"user-service"}
{"message":"Connected successfully to MongoDB","level":"info","service":"user-service"}
{"message":"Connected successfully to MongoDB","level":"info","service":"user-service"}
{"message":"Connected successfully to MongoDB","level":"info","service":"user-service"}
{"message":"Connected successfully to MongoDB","level":"info","service":"user-service"}
{"message":"Connected successfully to MongoDB","level":"info","service":"user-service"}
{"message":"Connected successfully to MongoDB","level":"info","service":"user-service"}
{"message":"Connected successfully to MongoDB","level":"info","service":"user-service"}
{"message":"Connected successfully to MongoDB","level":"info","service":"user-service"}
{"message":"Connected successfully to MongoDB","level":"info","service":"user-service"}
{"message":"Connected successfully to MongoDB","level":"info","service":"user-service"}
{"message":"Connected successfully to MongoDB","level":"info","service":"user-service"}
{"message":"Connected successfully to MongoDB","level":"info","service":"user-service"}
{"message":"Connected successfully to MongoDB","level":"info","service":"user-service"}
{"message":"Connected successfully to MongoDB","level":"info","service":"user-service"}
{"message":"Connected successfully to MongoDB","level":"info","service":"user-service"}
{"message":"Connected successfully to MongoDB","level":"info","service":"user-service"}
{"message":"Connected successfully to MongoDB","level":"info","service":"user-service"}
{"message":"Connected successfully to MongoDB","level":"info","service":"user-service"}
{"message":"Connected successfully to MongoDB","level":"info","service":"user-service"}
{"message":"Connected successfully to MongoDB","level":"info","service":"user-service"}
{"message":"Connected successfully to MongoDB","level":"info","service":"user-service"}
{"message":"Connected successfully to MongoDB","level":"info","service":"user-service"}
{"message":"Connected successfully to MongoDB","level":"info","service":"user-service"}
{"message":"Connected successfully to MongoDB","level":"info","service":"user-service"}
{"message":"Connected successfully to MongoDB","level":"info","service":"user-service"}
{"message":"Connected successfully to MongoDB","level":"info","service":"user-service"}
{"message":"Connected successfully to MongoDB","level":"info","service":"user-service"}
{"message":"Connected successfully to MongoDB","level":"info","service":"user-service"}
{"message":"Connected successfully to MongoDB","level":"info","service":"user-service"}
{"message":"Connected successfully to MongoDB","level":"info","service":"user-service"}
{"message":"Connected successfully to MongoDB","level":"info","service":"user-service"}
{"message":"Connected successfully to MongoDB","level":"info","service":"user-service"}
{"message":"Connected successfully to MongoDB","level":"info","service":"user-service"}
{"message":"Connected successfully to MongoDB","level":"info","service":"user-service"}
{"message":"Connected successfully to MongoDB","level":"info","service":"user-service"}
{"message":"Connected successfully to MongoDB","level":"info","service":"user-service"}
{"message":"Connected successfully to MongoDB","level":"info","service":"user-service"}
{"message":"Connected successfully to MongoDB","level":"info","service":"user-service"}
{"message":"Connected successfully to MongoDB","level":"info","service":"user-service"}
{"message":"Connected successfully to MongoDB","level":"info","service":"user-service"}
{"message":"Connected successfully to MongoDB","level":"info","service":"user-service"}
{"message":"Connected successfully to MongoDB","level":"info","service":"user-service"}
{"message":"Connected successfully to MongoDB","level":"info","service":"user-service"}
{"message":"Connected successfully to MongoDB","level":"info","service":"user-service"}
{"message":"Connected successfully to MongoDB","level":"info","service":"user-service"}
{"message":"Connected successfully to MongoDB","level":"info","service":"user-service"}
{"message":"Connected successfully to MongoDB","level":"info","service":"user-service"}
{"message":"Connected successfully to MongoDB","level":"info","service":"user-service"}
{"message":"Connected successfully to MongoDB","level":"info","service":"user-service"}
{"message":"Connected successfully to MongoDB","level":"info","service":"user-service"}
{"message":"Connected successfully to MongoDB","level":"info","service":"user-service"}
{"message":"Connected successfully to MongoDB","level":"info","service":"user-service"}
{"message":"Connected successfully to MongoDB","level":"info","service":"user-service"}
{"message":"Connected successfully to MongoDB","level":"info","service":"user-service"}
{"message":"Connected successfully to MongoDB","level":"info","service":"user-service"}
{"message":"Connected successfully to MongoDB","level":"info","service":"user-service"}
{"message":"Connected successfully to MongoDB","level":"info","service":"user-service"}
{"message":"Connected successfully to MongoDB","level":"info","service":"user-service"}
{"message":"Connected successfully to MongoDB","level":"info","service":"user-service"}
{"message":"Connected successfully to MongoDB","level":"info","service":"user-service"}
{"message":"Connected successfully to MongoDB","level":"info","service":"user-service"}
{"message":"Connected successfully to MongoDB","level":"info","service":"user-service"}
{"message":"Connected successfully to MongoDB","level":"info","service":"user-service"}
{"message":"Connected successfully to MongoDB","level":"info","service":"user-service"}
{"message":"Connected successfully to MongoDB","level":"info","service":"user-service"}
{"message":"Connected successfully to MongoDB","level":"info","service":"user-service"}
{"message":"Connected successfully to MongoDB","level":"info","service":"user-service"}
{"message":"Connected successfully to MongoDB","level":"info","service":"user-service"}
{"message":"Connected successfully to MongoDB","level":"info","service":"user-service"}
{"message":"Connected successfully to MongoDB","level":"info","service":"user-service"}
{"message":"Connected successfully to MongoDB","level":"info","service":"user-service"}
{"message":"Connected successfully to MongoDB","level":"info","service":"user-service"}
{"message":"Connected successfully to MongoDB","level":"info","service":"user-service"}
{"message":"Connected successfully to MongoDB","level":"info","service":"user-service"}
{"message":"Connected successfully to MongoDB","level":"info","service":"user-service"}
{"message":"Connected successfully to MongoDB","level":"info","service":"user-service"}
{"message":"Connected successfully to MongoDB","level":"info","service":"user-service"}
{"message":"Connected successfully to MongoDB","level":"info","service":"user-service"}
{"message":"Connected successfully to MongoDB","level":"info","service":"user-service"}
{"message":"Connected successfully to MongoDB","level":"info","service":"user-service"}
{"message":"Connected successfully to MongoDB","level":"info","service":"user-service"}
{"message":"Connected successfully to MongoDB","level":"info","service":"user-service"}
{"message":"id is not defined","level":"error","service":"user-service"}
{"message":"id is not defined","level":"error","service":"user-service"}
{"message":"id is not defined","level":"error","service":"user-service"}
{"message":"id is not defined","level":"error","service":"user-service"}
{"message":"id is not defined","level":"error","service":"user-service"}
{"message":"id is not defined","level":"error","service":"user-service"}
{"message":"id is not defined","level":"error","service":"user-service"}
{"message":"id is not defined","level":"error","service":"user-service"}
{"message":"id is not defined","level":"error","service":"user-service"}
{"message":"id is not defined","level":"error","service":"user-service"}
{"message":"id is not defined","level":"error","service":"user-service"}
{"message":"id is not defined","level":"error","service":"user-service"}
{"message":"id is not defined","level":"error","service":"user-service"}
{"message":"id is not defined","level":"error","service":"user-service"}
{"message":"id is not defined","level":"error","service":"user-service"}
{"message":"Connected successfully to MongoDB","level":"info","service":"user-service"}
{"message":"id is not defined","level":"error","service":"user-service"}
{"message":"id is not defined","level":"error","service":"user-service"}
{"message":"id is not defined","level":"error","service":"user-service"}
{"message":"id is not defined","level":"error","service":"user-service"}
{"message":"id is not defined","level":"error","service":"user-service"}
{"message":"id is not defined","level":"error","service":"user-service"}
{"message":"id is not defined","level":"error","service":"user-service"}
{"message":"id is not defined","level":"error","service":"user-service"}
{"message":"id is not defined","level":"error","service":"user-service"}
{"message":"id is not defined","level":"error","service":"user-service"}
{"message":"id is not defined","level":"error","service":"user-service"}
{"message":"id is not defined","level":"error","service":"user-service"}
{"message":"id is not defined","level":"error","service":"user-service"}
{"message":"id is not defined","level":"error","service":"user-service"}
{"message":"id is not defined","level":"error","service":"user-service"}
{"message":"Connected successfully to MongoDB","level":"info","service":"user-service"}
{"message":"id is not defined","level":"error","service":"user-service"}
{"message":"id is not defined","level":"error","service":"user-service"}
{"message":"id is not defined","level":"error","service":"user-service"}
{"message":"id is not defined","level":"error","service":"user-service"}
{"message":"id is not defined","level":"error","service":"user-service"}
{"message":"id is not defined","level":"error","service":"user-service"}
{"message":"id is not defined","level":"error","service":"user-service"}
{"message":"id is not defined","level":"error","service":"user-service"}
{"message":"id is not defined","level":"error","service":"user-service"}
{"message":"id is not defined","level":"error","service":"user-service"}
{"message":"id is not defined","level":"error","service":"user-service"}
{"message":"id is not defined","level":"error","service":"user-service"}
{"message":"id is not defined","level":"error","service":"user-service"}
{"message":"id is not defined","level":"error","service":"user-service"}
{"message":"id is not defined","level":"error","service":"user-service"}
{"message":"Connected successfully to MongoDB","level":"info","service":"user-service"}
{"message":"id is not defined","level":"error","service":"user-service"}
{"message":"id is not defined","level":"error","service":"user-service"}
{"message":"id is not defined","level":"error","service":"user-service"}
{"message":"id is not defined","level":"error","service":"user-service"}
{"message":"id is not defined","level":"error","service":"user-service"}
{"message":"id is not defined","level":"error","service":"user-service"}
{"message":"id is not defined","level":"error","service":"user-service"}
{"message":"id is not defined","level":"error","service":"user-service"}
{"message":"id is not defined","level":"error","service":"user-service"}
{"message":"id is not defined","level":"error","service":"user-service"}
{"message":"id is not defined","level":"error","service":"user-service"}
{"message":"id is not defined","level":"error","service":"user-service"}
{"message":"id is not defined","level":"error","service":"user-service"}
{"message":"id is not defined","level":"error","service":"user-service"}
{"message":"id is not defined","level":"error","service":"user-service"}
{"message":"Connected successfully to MongoDB","level":"info","service":"user-service"}
{"message":"Connected successfully to MongoDB","level":"info","service":"user-service"}
{"message":"Connected successfully to MongoDB","level":"info","service":"user-service"}
{"message":"Connected successfully to MongoDB","level":"info","service":"user-service"}
{"message":"Connected successfully to MongoDB","level":"info","service":"user-service"}
{"message":"Connected successfully to MongoDB","level":"info","service":"user-service"}
{"message":"Connected successfully to MongoDB","level":"info","service":"user-service"}
{"message":"Connected successfully to MongoDB","level":"info","service":"user-service"}
{"message":"Connected successfully to MongoDB","level":"info","service":"user-service"}
{"message":"Connected successfully to MongoDB","level":"info","service":"user-service"}
{"message":"Connected successfully to MongoDB","level":"info","service":"user-service"}
{"message":"Connected successfully to MongoDB","level":"info","service":"user-service"}
{"message":"Connected successfully to MongoDB","level":"info","service":"user-service"}
{"message":"Connected successfully to MongoDB","level":"info","service":"user-service"}
{"message":"Connected successfully to MongoDB","level":"info","service":"user-service"}
{"message":"Connected successfully to MongoDB","level":"info","service":"user-service"}
{"message":"Connected successfully to MongoDB","level":"info","service":"user-service"}
{"message":"Connected successfully to MongoDB","level":"info","service":"user-service"}
{"message":"Connected successfully to MongoDB","level":"info","service":"user-service"}
{"message":"Connected successfully to MongoDB","level":"info","service":"user-service"}
{"message":"Connected successfully to MongoDB","level":"info","service":"user-service"}
{"message":"Connected successfully to MongoDB","level":"info","service":"user-service"}
{"message":"Connected successfully to MongoDB","level":"info","service":"user-service"}
{"message":"Connected successfully to MongoDB","level":"info","service":"user-service"}
{"message":"Connected successfully to MongoDB","level":"info","service":"user-service"}
{"message":"Connected successfully to MongoDB","level":"info","service":"user-service"}
{"message":"Connected successfully to MongoDB","level":"info","service":"user-service"}
{"message":"Connected successfully to MongoDB","level":"info","service":"user-service"}
{"message":"Update is not defined","level":"error","service":"user-service"}
{"message":"Update is not defined","level":"error","service":"user-service"}
{"message":"Update is not defined","level":"error","service":"user-service"}
{"message":"Update is not defined","level":"error","service":"user-service"}
{"message":"Update is not defined","level":"error","service":"user-service"}
{"message":"Update is not defined","level":"error","service":"user-service"}
{"message":"Update is not defined","level":"error","service":"user-service"}
{"message":"Connected successfully to MongoDB","level":"info","service":"user-service"}
{"message":"Connected successfully to MongoDB","level":"info","service":"user-service"}
{"message":"Connected successfully to MongoDB","level":"info","service":"user-service"}
