{"message":"AppError is not defined","level":"error","service":"user-service"}
{"message":"next is not defined","level":"error","service":"user-service"}
{"message":"next is not defined","level":"error","service":"user-service"}
{"message":"next is not defined","level":"error","service":"user-service"}
{"message":"next is not defined","level":"error","service":"user-service"}
{"message":"next is not defined","level":"error","service":"user-service"}
{"message":"User is not defined","level":"error","service":"user-service"}
{"message":"User is not defined","level":"error","service":"user-service"}
{"message":"User is not defined","level":"error","service":"user-service"}
{"message":"User is not defined","level":"error","service":"user-service"}
{"message":"User is not defined","level":"error","service":"user-service"}
{"message":"User is not defined","level":"error","service":"user-service"}
{"message":"User is not defined","level":"error","service":"user-service"}
{"message":"User is not defined","level":"error","service":"user-service"}
{"message":"next is not defined","level":"error","service":"user-service"}
{"message":"next is not defined","level":"error","service":"user-service"}
{"message":"next is not defined","level":"error","service":"user-service"}
{"message":"fn.apply is not a function","level":"error","service":"user-service"}
{"message":"fn.apply is not a function","level":"error","service":"user-service"}
{"message":"fn.apply is not a function","level":"error","service":"user-service"}
{"message":"fn.apply is not a function","level":"error","service":"user-service"}
{"message":"fn.apply is not a function","level":"error","service":"user-service"}
{"message":"fn.apply is not a function","level":"error","service":"user-service"}
{"message":"fn.apply is not a function","level":"error","service":"user-service"}
{"message":"fn.apply is not a function","level":"error","service":"user-service"}
{"message":"fn.apply is not a function","level":"error","service":"user-service"}
{"message":"fn.apply is not a function","level":"error","service":"user-service"}
{"message":"fn.apply is not a function","level":"error","service":"user-service"}
{"message":"fn.apply is not a function","level":"error","service":"user-service"}
{"message":"fn.apply is not a function","level":"error","service":"user-service"}
{"message":"fn.apply is not a function","level":"error","service":"user-service"}
{"message":"fn.apply is not a function","level":"error","service":"user-service"}
{"message":"fn.apply is not a function","level":"error","service":"user-service"}
{"message":"fn.apply is not a function","level":"error","service":"user-service"}
{"message":"fn.apply is not a function","level":"error","service":"user-service"}
{"message":"fn.apply is not a function","level":"error","service":"user-service"}
{"message":"fn.apply is not a function","level":"error","service":"user-service"}
{"message":"Cast to ObjectId failed for value \"123\" at path \"_id\" for model \"Enrollment\"","level":"error","service":"user-service"}
{"message":"next is not a function","level":"error","service":"user-service"}
{"message":"Cast to ObjectId failed for value \"123\" at path \"_id\" for model \"Student\"","level":"error","service":"user-service"}
{"message":"next is not a function","level":"error","service":"user-service"}
{"message":"next is not a function","level":"error","service":"user-service"}
{"message":"Cast to ObjectId failed for value \"123\" at path \"_id\" for model \"Update\"","level":"error","service":"user-service"}
{"message":"Cast to ObjectId failed for value \"123\" at path \"_id\" for model \"Update\"","level":"error","service":"user-service"}
{"message":"Cast to ObjectId failed for value \"123\" at path \"_id\" for model \"Update\"","level":"error","service":"user-service"}
{"message":"next is not a function","level":"error","service":"user-service"}
{"message":"Cast to ObjectId failed for value \"123\" at path \"_id\" for model \"Enrollment\"","level":"error","service":"user-service"}
{"message":"next is not a function","level":"error","service":"user-service"}
{"message":"Cast to ObjectId failed for value \"123\" at path \"_id\" for model \"Student\"","level":"error","service":"user-service"}
{"message":"next is not a function","level":"error","service":"user-service"}
{"message":"next is not a function","level":"error","service":"user-service"}
{"message":"Cast to ObjectId failed for value \"123\" at path \"_id\" for model \"Update\"","level":"error","service":"user-service"}
{"message":"Cast to ObjectId failed for value \"123\" at path \"_id\" for model \"Update\"","level":"error","service":"user-service"}
{"message":"Cast to ObjectId failed for value \"123\" at path \"_id\" for model \"Update\"","level":"error","service":"user-service"}
{"message":"next is not a function","level":"error","service":"user-service"}
{"message":"next is not a function","level":"error","service":"user-service"}
{"message":"Cast to ObjectId failed for value \"123\" at path \"_id\" for model \"Update\"","level":"error","service":"user-service"}
{"message":"Cast to ObjectId failed for value \"123\" at path \"_id\" for model \"Update\"","level":"error","service":"user-service"}
{"message":"Cast to ObjectId failed for value \"123\" at path \"_id\" for model \"Update\"","level":"error","service":"user-service"}
{"message":"next is not a function","level":"error","service":"user-service"}
{"message":"next is not defined","level":"error","service":"user-service"}
{"message":"next is not defined","level":"error","service":"user-service"}
{"message":"next is not defined","level":"error","service":"user-service"}
{"message":"next is not defined","level":"error","service":"user-service"}
{"message":"next is not defined","level":"error","service":"user-service"}
{"message":"next is not defined","level":"error","service":"user-service"}
{"message":"next is not defined","level":"error","service":"user-service"}
{"message":"next is not defined","level":"error","service":"user-service"}
{"message":"next is not defined","level":"error","service":"user-service"}
{"message":"next is not defined","level":"error","service":"user-service"}
{"message":"next is not defined","level":"error","service":"user-service"}
{"message":"next is not defined","level":"error","service":"user-service"}
{"message":"next is not defined","level":"error","service":"user-service"}
{"message":"next is not defined","level":"error","service":"user-service"}
